<?xml version="1.0" encoding="UTF-8"?>
<testsuite xmlns:xsi="http://www.w3.org/2001/XMLSchema-instance" xsi:noNamespaceSchemaLocation="https://maven.apache.org/surefire/maven-surefire-plugin/xsd/surefire-test-report.xsd" name="com.example.AppTest" time="0.042" tests="1" errors="0" skipped="0" failures="0">
  <properties>
    <property name="java.specification.version" value="17"/>
    <property name="sun.jnu.encoding" value="UTF-8"/>
    <property name="java.class.path" value="/Users/mirsameedali/Desktop/BTP/COBOL_BRs/target/test-classes:/Users/mirsameedali/Desktop/BTP/COBOL_BRs/target/classes:/Users/mirsameedali/.m2/repository/junit/junit/4.11/junit-4.11.jar:/Users/mirsameedali/.m2/repository/org/hamcrest/hamcrest-core/1.3/hamcrest-core-1.3.jar:/Users/mirsameedali/.m2/repository/io/github/uwol/proleap-cobol-parser/4.0.0/proleap-cobol-parser-4.0.0.jar:/Users/mirsameedali/.m2/repository/org/antlr/antlr4/4.7.2/antlr4-4.7.2.jar:/Users/mirsameedali/.m2/repository/org/antlr/antlr-runtime/3.5.2/antlr-runtime-3.5.2.jar:/Users/mirsameedali/.m2/repository/org/antlr/ST4/4.1/ST4-4.1.jar:/Users/mirsameedali/.m2/repository/org/abego/treelayout/org.abego.treelayout.core/1.0.3/org.abego.treelayout.core-1.0.3.jar:/Users/mirsameedali/.m2/repository/org/glassfish/javax.json/1.0.4/javax.json-1.0.4.jar:/Users/mirsameedali/.m2/repository/com/ibm/icu/icu4j/61.1/icu4j-61.1.jar:/Users/mirsameedali/.m2/repository/org/antlr/antlr4-runtime/4.7.2/antlr4-runtime-4.7.2.jar:/Users/mirsameedali/.m2/repository/org/slf4j/slf4j-api/2.0.0-alpha5/slf4j-api-2.0.0-alpha5.jar:/Users/mirsameedali/.m2/repository/org/slf4j/slf4j-simple/2.0.0-alpha5/slf4j-simple-2.0.0-alpha5.jar:"/>
    <property name="java.vm.vendor" value="Eclipse Adoptium"/>
    <property name="sun.arch.data.model" value="64"/>
    <property name="java.vendor.url" value="https://adoptium.net/"/>
    <property name="os.name" value="Mac OS X"/>
    <property name="java.vm.specification.version" value="17"/>
    <property name="sun.java.launcher" value="SUN_STANDARD"/>
    <property name="user.country" value="IN"/>
    <property name="sun.boot.library.path" value="/Users/mirsameedali/.sdkman/candidates/java/17.0.1-tem/lib"/>
    <property name="sun.java.command" value="/Users/mirsameedali/Desktop/BTP/COBOL_BRs/target/surefire/surefirebooter690454620140727240.jar /Users/mirsameedali/Desktop/BTP/COBOL_BRs/target/surefire 2022-05-10T03-36-19_661-jvmRun1 surefire4002992228462988645tmp surefire_01697761682422412647tmp"/>
    <property name="http.nonProxyHosts" value="local|*.local|169.254/16|*.169.254/16"/>
    <property name="jdk.debug" value="release"/>
    <property name="surefire.test.class.path" value="/Users/mirsameedali/Desktop/BTP/COBOL_BRs/target/test-classes:/Users/mirsameedali/Desktop/BTP/COBOL_BRs/target/classes:/Users/mirsameedali/.m2/repository/junit/junit/4.11/junit-4.11.jar:/Users/mirsameedali/.m2/repository/org/hamcrest/hamcrest-core/1.3/hamcrest-core-1.3.jar:/Users/mirsameedali/.m2/repository/io/github/uwol/proleap-cobol-parser/4.0.0/proleap-cobol-parser-4.0.0.jar:/Users/mirsameedali/.m2/repository/org/antlr/antlr4/4.7.2/antlr4-4.7.2.jar:/Users/mirsameedali/.m2/repository/org/antlr/antlr-runtime/3.5.2/antlr-runtime-3.5.2.jar:/Users/mirsameedali/.m2/repository/org/antlr/ST4/4.1/ST4-4.1.jar:/Users/mirsameedali/.m2/repository/org/abego/treelayout/org.abego.treelayout.core/1.0.3/org.abego.treelayout.core-1.0.3.jar:/Users/mirsameedali/.m2/repository/org/glassfish/javax.json/1.0.4/javax.json-1.0.4.jar:/Users/mirsameedali/.m2/repository/com/ibm/icu/icu4j/61.1/icu4j-61.1.jar:/Users/mirsameedali/.m2/repository/org/antlr/antlr4-runtime/4.7.2/antlr4-runtime-4.7.2.jar:/Users/mirsameedali/.m2/repository/org/slf4j/slf4j-api/2.0.0-alpha5/slf4j-api-2.0.0-alpha5.jar:/Users/mirsameedali/.m2/repository/org/slf4j/slf4j-simple/2.0.0-alpha5/slf4j-simple-2.0.0-alpha5.jar:"/>
    <property name="sun.cpu.endian" value="little"/>
    <property name="user.home" value="/Users/mirsameedali"/>
    <property name="user.language" value="en"/>
    <property name="java.specification.vendor" value="Oracle Corporation"/>
    <property name="java.version.date" value="2021-10-19"/>
    <property name="java.home" value="/Users/mirsameedali/.sdkman/candidates/java/17.0.1-tem"/>
    <property name="file.separator" value="/"/>
    <property name="basedir" value="/Users/mirsameedali/Desktop/BTP/COBOL_BRs"/>
    <property name="java.vm.compressedOopsMode" value="Zero based"/>
    <property name="line.separator" value="&#10;"/>
    <property name="java.specification.name" value="Java Platform API Specification"/>
    <property name="java.vm.specification.vendor" value="Oracle Corporation"/>
    <property name="surefire.real.class.path" value="/Users/mirsameedali/Desktop/BTP/COBOL_BRs/target/surefire/surefirebooter690454620140727240.jar"/>
    <property name="sun.management.compiler" value="HotSpot 64-Bit Tiered Compilers"/>
    <property name="ftp.nonProxyHosts" value="local|*.local|169.254/16|*.169.254/16"/>
    <property name="java.runtime.version" value="17.0.1+12"/>
    <property name="user.name" value="mirsameedali"/>
    <property name="path.separator" value=":"/>
    <property name="os.version" value="11.3"/>
    <property name="java.runtime.name" value="OpenJDK Runtime Environment"/>
    <property name="file.encoding" value="UTF-8"/>
    <property name="java.vm.name" value="OpenJDK 64-Bit Server VM"/>
    <property name="java.vendor.version" value="Temurin-17.0.1+12"/>
    <property name="localRepository" value="/Users/mirsameedali/.m2/repository"/>
    <property name="java.vendor.url.bug" value="https://github.com/adoptium/adoptium-support/issues"/>
    <property name="java.io.tmpdir" value="/var/folders/m1/w9hg1n4d3jd0kg37p_rw0pqw0000gn/T/"/>
    <property name="java.version" value="17.0.1"/>
    <property name="user.dir" value="/Users/mirsameedali/Desktop/BTP/COBOL_BRs"/>
    <property name="os.arch" value="x86_64"/>
    <property name="java.vm.specification.name" value="Java Virtual Machine Specification"/>
    <property name="native.encoding" value="UTF-8"/>
    <property name="java.library.path" value="/Users/mirsameedali/Library/Java/Extensions:/Library/Java/Extensions:/Network/Library/Java/Extensions:/System/Library/Java/Extensions:/usr/lib/java:."/>
    <property name="java.vm.info" value="mixed mode, sharing"/>
    <property name="java.vendor" value="Eclipse Adoptium"/>
    <property name="java.vm.version" value="17.0.1+12"/>
    <property name="sun.io.unicode.encoding" value="UnicodeBig"/>
    <property name="socksNonProxyHosts" value="local|*.local|169.254/16|*.169.254/16"/>
    <property name="java.class.version" value="61.0"/>
  </properties>
  <testcase name="shouldAnswerWithTrue" classname="com.example.AppTest" time="0.003"/>
</testsuite>